2019-03-07 02:29:51,593[INFO|__main__,81] 자동 로그인 시도
2019-03-07 02:29:51,595[INFO|__main__,105] 로그인 성공(코드 0000: 정상완료되었습니다)
2019-03-07 02:29:51,598[INFO|__main__,134] 계좌정보조회
2019-03-07 02:29:51,618[INFO|__main__,116] 정상 로그아웃 되었습니다
2019-03-07 02:29:59,338[INFO|__main__,81] 자동 로그인 시도
2019-03-07 02:29:59,340[INFO|__main__,105] 로그인 성공(코드 0000: 정상완료되었습니다)
2019-03-07 02:29:59,342[INFO|__main__,134] 계좌정보조회
2019-03-07 02:29:59,356[INFO|__main__,116] 정상 로그아웃 되었습니다
2019-03-07 02:30:32,945[INFO|__main__,96] 자동 로그인용 config_file을 생성. C:\Users\Jisung\xingpy\login_config.ini 에서 확인가능
2019-03-07 02:30:33,899[INFO|__main__,98] 수동 로그인 입력값 으로 접속 및 로그인 시도
2019-03-07 02:30:33,902[INFO|__main__,104] 로그인 성공(코드 0000: 정상완료되었습니다)
2019-03-07 02:30:33,908[INFO|__main__,133] 계좌정보조회
2019-03-07 02:30:33,943[INFO|__main__,115] 정상 로그아웃 되었습니다
2019-03-07 02:30:45,166[INFO|__main__,80] 자동 로그인 시도
2019-03-07 02:30:45,169[INFO|__main__,104] 로그인 성공(코드 0000: 정상완료되었습니다)
2019-03-07 02:30:45,172[INFO|__main__,133] 계좌정보조회
2019-03-07 02:30:45,190[INFO|__main__,115] 정상 로그아웃 되었습니다
2019-03-07 11:32:52,818[INFO|__main__,80] 자동 로그인 시도
2019-03-07 11:32:52,821[INFO|__main__,104] 로그인 성공(코드 0000: 정상완료되었습니다)
2019-03-07 11:32:52,821[INFO|__main__,133] 계좌정보조회
2019-03-07 11:32:52,838[INFO|__main__,115] 정상 로그아웃 되었습니다
2019-03-07 11:34:55,942[ERROR|__main__,100] 수동 로그인 실패. 서버 연결 상태 및 입력 정보 확인.
2019-03-07 11:35:30,694[ERROR|__main__,100] 수동 로그인 실패. 서버 연결 상태 및 입력 정보 확인.
2019-03-07 11:38:16,262[INFO|__main__,96] 자동 로그인용 config_file을 생성. C:\Users\Jisung\xingpy\login_config.ini 에서 확인가능
2019-03-07 11:38:17,418[INFO|__main__,98] 수동 로그인 입력값 으로 접속 및 로그인 시도
2019-03-07 11:38:17,419[INFO|__main__,104] 로그인 성공(코드 0000: 정상완료되었습니다)
2019-03-07 11:38:17,422[INFO|__main__,133] 계좌정보조회
2019-03-07 11:38:17,440[INFO|__main__,115] 정상 로그아웃 되었습니다
2019-03-07 11:46:51,151[INFO|__main__,96] 자동 로그인용 config_file을 생성. C:\Users\Jisung\xingpy\login_config.ini 에서 확인가능
2019-03-07 11:46:52,486[INFO|__main__,98] 수동 로그인 입력값 으로 접속 및 로그인 시도
2019-03-07 11:46:52,488[INFO|__main__,104] 로그인 성공(코드 0000: 정상완료되었습니다)
2019-03-07 11:46:52,490[INFO|__main__,133] 계좌정보조회
2019-03-07 11:46:52,507[INFO|__main__,115] 정상 로그아웃 되었습니다
2019-03-07 11:53:13,226[INFO|__main__,94] 자동 로그인용 config_file을 생성. C:\Users\Jisung\xingpy\login_config.ini 에서 확인가능
2019-03-07 11:53:14,313[INFO|__main__,96] 수동 로그인 입력값 으로 접속 및 로그인 시도
2019-03-07 11:53:14,316[INFO|__main__,102] 로그인 성공(코드 0000: 정상완료되었습니다)
2019-03-07 11:53:14,319[INFO|__main__,131] 계좌정보조회
2019-03-07 11:53:14,339[INFO|__main__,113] 정상 로그아웃 되었습니다
2019-03-07 13:18:52,327[INFO|__main__,94] 자동 로그인용 config_file을 생성. C:\Users\Jisung\xingpy\login_config.ini 에서 확인가능
2019-03-07 13:18:52,653[ERROR|__main__,98] 수동 로그인 실패. 서버 연결 상태 및 입력 정보 확인.
2019-03-07 13:20:55,732[INFO|__main__,94] 자동 로그인용 config_file을 생성. C:\Users\Jisung\xingpy\login_config.ini 에서 확인가능
2019-03-07 13:20:55,975[ERROR|__main__,98] 수동 로그인 실패. 서버 연결 상태 및 입력 정보 확인.
2019-03-07 13:21:46,835[INFO|__main__,94] 자동 로그인용 config_file을 생성. C:\Users\Jisung\xingpy\login_config.ini 에서 확인가능
2019-03-07 13:21:47,072[ERROR|__main__,98] 수동 로그인 실패. 서버 연결 상태 및 입력 정보 확인.
2019-03-07 13:23:39,257[INFO|__main__,94] 자동 로그인용 config_file을 생성. C:\Users\Jisung\xingpy\login_config.ini 에서 확인가능
2019-03-07 13:23:39,501[ERROR|__main__,98] 수동 로그인 실패. 서버 연결 상태 및 입력 정보 확인.
2019-03-07 13:27:44,112[INFO|__main__,94] 자동 로그인용 config_file을 생성. C:\Users\Jisung\xingpy\login_config.ini 에서 확인가능
2019-03-07 13:27:44,431[ERROR|__main__,98] 수동 로그인 실패. 서버 연결 상태 및 입력 정보 확인.
2019-03-07 13:29:25,924[INFO|__main__,94] 자동 로그인용 config_file을 생성. C:\Users\Jisung\xingpy\login_config.ini 에서 확인가능
2019-03-07 13:29:26,176[ERROR|__main__,98] 수동 로그인 실패. 서버 연결 상태 및 입력 정보 확인.
2019-03-07 13:30:46,259[INFO|__main__,94] 자동 로그인용 config_file을 생성. C:\Users\Jisung\xingpy\login_config.ini 에서 확인가능
2019-03-07 13:30:46,506[ERROR|__main__,98] 수동 로그인 실패. 서버 연결 상태 및 입력 정보 확인.
2019-03-07 13:32:24,283[INFO|__main__,94] 자동 로그인용 config_file을 생성. C:\Users\Jisung\xingpy\login_config.ini 에서 확인가능
2019-03-07 13:32:25,506[INFO|__main__,96] 수동 로그인 입력값 으로 접속 및 로그인 시도
2019-03-07 13:32:25,508[INFO|__main__,102] 로그인 성공(코드 0000: 정상완료되었습니다)
2019-03-07 13:32:25,510[INFO|__main__,131] 계좌정보조회
2019-03-07 13:32:25,527[INFO|__main__,113] 정상 로그아웃 되었습니다
2019-03-07 13:38:50,884[INFO|__main__,94] 자동 로그인용 config_file을 생성. C:\Users\Jisung\xingpy\login_config.ini 에서 확인가능
2019-03-07 13:38:51,223[ERROR|__main__,98] 수동 로그인 실패. 서버 연결 상태 및 입력 정보 확인.
2019-03-07 13:45:46,686[INFO|__main__,94] 자동 로그인용 config_file을 생성. C:\Users\Jisung\xingpy\login_config.ini 에서 확인가능
2019-03-07 13:45:47,742[INFO|__main__,96] 수동 로그인 입력값 으로 접속 및 로그인 시도
2019-03-07 13:45:47,743[INFO|__main__,102] 로그인 성공(코드 0000: 정상완료되었습니다)
2019-03-07 13:45:47,746[INFO|__main__,131] 계좌정보조회
2019-03-07 13:45:47,760[INFO|__main__,113] 정상 로그아웃 되었습니다
2019-03-07 13:52:48,391[INFO|__main__,94] 자동 로그인용 config_file을 생성. C:\Users\Jisung\xingpy\login_config.ini 에서 확인가능
2019-03-07 13:52:49,494[INFO|__main__,96] 수동 로그인 입력값 으로 접속 및 로그인 시도
2019-03-07 13:52:49,496[INFO|__main__,102] 로그인 성공(코드 0000: 정상완료되었습니다)
2019-03-07 13:52:49,498[INFO|__main__,131] 계좌정보조회
2019-03-07 13:52:49,515[INFO|__main__,113] 정상 로그아웃 되었습니다
2019-03-07 13:53:37,731[INFO|__main__,93] 자동 로그인용 config_file을 생성. C:\Users\Jisung\xingpy\login_config.ini 에서 확인가능
2019-03-07 13:53:38,745[INFO|__main__,95] 수동 로그인 입력값 으로 접속 및 로그인 시도
2019-03-07 13:53:38,747[INFO|__main__,101] 로그인 성공(코드 0000: 정상완료되었습니다)
2019-03-07 13:53:38,749[INFO|__main__,130] 계좌정보조회
2019-03-07 13:53:38,777[INFO|__main__,112] 정상 로그아웃 되었습니다
2019-03-07 14:03:02,759[ERROR|__main__,97] 수동 로그인 실패. 서버 연결 상태 및 입력 정보 확인.
2019-03-07 14:04:43,890[ERROR|__main__,97] 수동 로그인 실패. 서버 연결 상태 및 입력 정보 확인.
2019-03-07 14:05:01,133[ERROR|__main__,97] 수동 로그인 실패. 서버 연결 상태 및 입력 정보 확인.
2019-03-07 14:28:39,507[ERROR|__main__,80] 자동 로그인 실패. 수동로그인 으로 전환.
2019-03-07 14:28:56,215[ERROR|__main__,97] 수동 로그인 실패. 서버 연결 상태 및 입력 정보 확인.
2019-03-07 14:29:57,559[ERROR|__main__,80] 자동 로그인 실패. 수동로그인 으로 전환.
2019-03-07 14:30:11,462[INFO|__main__,93] 자동 로그인용 config_file을 생성. C:\Users\Jisung\xingpy\login_config.ini 에서 확인가능
2019-03-07 14:30:12,444[INFO|__main__,95] 수동 로그인 입력값 으로 접속 및 로그인 시도
2019-03-07 14:30:12,446[INFO|__main__,101] 로그인 성공(코드 0000: 정상완료되었습니다)
2019-03-07 14:30:12,448[INFO|__main__,130] 계좌정보조회
2019-03-07 14:30:12,468[INFO|__main__,112] 정상 로그아웃 되었습니다
2019-03-07 14:30:17,505[INFO|__main__,78] 자동 로그인 시도
2019-03-07 14:30:17,507[INFO|__main__,101] 로그인 성공(코드 0000: 정상완료되었습니다)
2019-03-07 14:30:17,509[INFO|__main__,130] 계좌정보조회
2019-03-07 14:30:17,524[INFO|__main__,112] 정상 로그아웃 되었습니다
2019-03-07 14:36:13,533[INFO|__main__,78] 자동 로그인 시도
2019-03-07 14:36:13,535[INFO|__main__,101] 로그인 성공(코드 0000: 정상완료되었습니다)
2019-03-07 14:36:13,538[INFO|__main__,130] 계좌정보조회
2019-03-07 14:36:34,855[INFO|__main__,78] 자동 로그인 시도
2019-03-07 14:36:34,857[INFO|__main__,101] 로그인 성공(코드 0000: 정상완료되었습니다)
2019-03-07 14:36:34,860[INFO|__main__,130] 계좌정보조회
2019-03-07 14:36:34,862[INFO|__main__,131] [{'account_number': '20210436301', 'account_name': '', 'account_detail_name': '', 'account_nick_name': ''}]
2019-03-07 14:36:34,880[INFO|__main__,112] 정상 로그아웃 되었습니다
2019-03-07 14:42:43,283[INFO|__main__,78] 자동 로그인 시도
2019-03-07 14:42:43,285[INFO|__main__,101] 로그인 성공(코드 0000: 정상완료되었습니다)
2019-03-07 14:42:43,288[INFO|__main__,130] 계좌정보조회
2019-03-07 14:43:01,410[INFO|__main__,78] 자동 로그인 시도
2019-03-07 14:43:01,412[INFO|__main__,101] 로그인 성공(코드 0000: 정상완료되었습니다)
2019-03-07 14:43:01,414[INFO|__main__,130] 계좌정보조회
2019-03-07 14:43:35,838[INFO|__main__,78] 자동 로그인 시도
2019-03-07 14:43:35,840[INFO|__main__,101] 로그인 성공(코드 0000: 정상완료되었습니다)
2019-03-07 14:43:35,844[INFO|__main__,130] 계좌정보조회
2019-03-07 14:46:46,345[INFO|__main__,78] 자동 로그인 시도
2019-03-07 14:46:46,348[INFO|__main__,101] 로그인 성공(코드 0000: 정상완료되었습니다)
2019-03-07 14:46:46,350[INFO|__main__,130] 계좌정보조회
2019-03-07 14:55:35,727[INFO|__main__,78] 자동 로그인 시도
2019-03-07 14:55:35,730[INFO|__main__,101] 로그인 성공(코드 0000: 정상완료되었습니다)
2019-03-07 14:55:35,734[INFO|__main__,131] 계좌정보조회
2019-03-07 14:55:35,751[INFO|__main__,112] 정상 로그아웃 되었습니다
2019-03-07 15:01:24,086[INFO|__main__,78] 자동 로그인 시도
2019-03-07 15:01:24,088[INFO|__main__,101] 로그인 성공(코드 0000: 정상완료되었습니다)
2019-03-07 15:01:37,534[INFO|__main__,78] 자동 로그인 시도
2019-03-07 15:01:37,536[INFO|__main__,101] 로그인 성공(코드 0000: 정상완료되었습니다)
2019-03-07 15:01:37,538[INFO|__main__,123] 계좌갯수 = 1
2019-03-07 15:01:37,541[INFO|__main__,131] 20210436301
2019-03-07 15:01:37,542[INFO|__main__,132] 
2019-03-07 15:01:37,545[INFO|__main__,134] 계좌정보조회
2019-03-07 15:01:37,559[INFO|__main__,112] 정상 로그아웃 되었습니다
2019-03-07 15:02:57,448[INFO|__main__,78] 자동 로그인 시도
2019-03-07 15:02:57,450[INFO|__main__,101] 로그인 성공(코드 0000: 정상완료되었습니다)
2019-03-07 15:02:57,453[INFO|__main__,123] 계좌갯수 = 1
2019-03-07 15:02:57,454[INFO|__main__,131] 계좌번호 = 20210436301
2019-03-07 15:02:57,455[INFO|__main__,133] 계좌정보조회
2019-03-07 15:02:57,472[INFO|__main__,112] 정상 로그아웃 되었습니다
2019-03-07 17:25:23,933[INFO|__main__,78] 자동 로그인 시도
2019-03-07 17:25:23,934[INFO|__main__,101] 로그인 성공(코드 0000: 정상완료되었습니다)
2019-03-07 17:25:23,936[INFO|__main__,121] 계좌정보조회
2019-03-07 17:25:23,939[INFO|__main__,124] 계좌갯수 = 1
2019-03-07 17:25:23,941[INFO|__main__,132] 계좌번호 = 20210436301
2019-03-07 17:25:23,958[INFO|__main__,112] 정상 로그아웃 되었습니다
2019-03-08 00:18:48,941[ERROR|__main__,174] 다음 위치에 자동 로그인 설정 파일이 존재하지 않습니다: C:\Users\Jisung\xingpy\login_config.ini
2019-03-08 00:18:48,945[ERROR|__main__,80] 자동 로그인 실패. 수동로그인 으로 전환.
2019-03-08 00:22:55,219[ERROR|__main__,174] 다음 위치에 자동 로그인 설정 파일이 존재하지 않습니다: C:\Users\Jisung\xingpy\login_config.ini
2019-03-08 00:22:55,222[ERROR|__main__,80] 자동 로그인 실패. 수동로그인 으로 전환.
2019-03-08 00:22:55,224[ERROR|__main__,97] 수동 로그인 실패. 서버 연결 상태 및 입력 정보 확인.
2019-03-08 00:23:35,296[ERROR|__main__,174] 다음 위치에 자동 로그인 설정 파일이 존재하지 않습니다: C:\Users\Jisung\xingpy\login_config.ini
2019-03-08 00:23:35,299[ERROR|__main__,80] 자동 로그인 실패. 수동로그인 으로 전환.
2019-03-08 00:31:24,842[ERROR|__main__,174] 다음 위치에 자동 로그인 설정 파일이 존재하지 않습니다: C:\Users\Jisung\xingpy\login_config.ini
2019-03-08 00:31:24,845[ERROR|__main__,80] 자동 로그인 실패. 수동로그인 으로 전환.
2019-03-08 00:31:37,585[INFO|__main__,93] 자동 로그인용 config_file을 생성. C:\Users\Jisung\xingpy\login_config.ini 에서 확인가능
2019-03-08 00:31:38,965[INFO|__main__,95] 수동 로그인 입력값 으로 접속 및 로그인 시도
2019-03-08 00:31:38,967[INFO|__main__,101] 로그인 성공(코드 0000: 정상완료되었습니다)
2019-03-08 00:31:38,969[INFO|__main__,121] 계좌정보조회
2019-03-08 00:31:38,970[INFO|__main__,124] 계좌갯수 = 1
2019-03-08 00:31:38,973[INFO|__main__,132] 계좌번호 = 20210436301
2019-03-08 00:31:38,994[INFO|__main__,112] 정상 로그아웃 되었습니다
2019-03-08 00:33:04,534[ERROR|__main__,174] 다음 위치에 자동 로그인 설정 파일이 존재하지 않습니다: C:\Users\Jisung\xingpy\login_config.ini
2019-03-08 00:33:04,536[ERROR|__main__,80] 자동 로그인 실패. 수동로그인 으로 전환.
2019-03-08 00:33:04,810[ERROR|__main__,97] 수동 로그인 실패. 서버 연결 상태 및 입력 정보 확인.
2019-03-08 00:33:16,574[ERROR|__main__,174] 다음 위치에 자동 로그인 설정 파일이 존재하지 않습니다: C:\Users\Jisung\xingpy\login_config.ini
2019-03-08 00:33:16,577[ERROR|__main__,80] 자동 로그인 실패. 수동로그인 으로 전환.
2019-03-08 00:33:16,800[ERROR|__main__,97] 수동 로그인 실패. 서버 연결 상태 및 입력 정보 확인.
